# JRE version: Java(TM) SE Runtime Environment (8.0_162-b12) (build 1.8.0_162-b12)
# Java VM: Java HotSpot(TM) 64-Bit Server VM (25.162-b12 mixed mode windows-amd64 compressed oops)
Heap:
 PSYoungGen      total 131072K, used 43181K [0x00000000d5d80000, 0x00000000df800000, 0x0000000100000000)
  eden space 107008K, 28% used [0x00000000d5d80000,0x00000000d7ac7e28,0x00000000dc600000)
  from space 24064K, 54% used [0x00000000dc600000,0x00000000dd2e39c8,0x00000000ddd80000)
  to   space 18432K, 0% used [0x00000000ddd80000,0x00000000ddd80000,0x00000000def80000)
 ParOldGen       total 105984K, used 65483K [0x0000000081800000, 0x0000000087f80000, 0x00000000d5d80000)
  object space 105984K, 61% used [0x0000000081800000,0x00000000857f2ef8,0x0000000087f80000)
 Metaspace       used 57094K, capacity 58366K, committed 58624K, reserved 1099776K
  class space    used 7022K, capacity 7339K, committed 7424K, reserved 1048576K
GC Heap History (10 events):
Event: 6.583 GC heap before
{Heap before GC invocations=9 (full 2):
 PSYoungGen      total 95232K, used 78336K [0x00000000d5d80000, 0x00000000de800000, 0x0000000100000000)
  eden space 78336K, 100% used [0x00000000d5d80000,0x00000000daa00000,0x00000000daa00000)
  from space 16896K, 0% used [0x00000000dba00000,0x00000000dba00000,0x00000000dca80000)
  to   space 16384K, 0% used [0x00000000daa00000,0x00000000daa00000,0x00000000dba00000)
 ParOldGen       total 105984K, used 17570K [0x0000000081800000, 0x0000000087f80000, 0x00000000d5d80000)
  object space 105984K, 16% used [0x0000000081800000,0x0000000082928830,0x0000000087f80000)
 Metaspace       used 42389K, capacity 43072K, committed 43520K, reserved 1087488K
  class space    used 5371K, capacity 5528K, committed 5632K, reserved 1048576K
Event: 6.603 GC heap after
Heap after GC invocations=9 (full 2):
 PSYoungGen      total 94720K, used 16366K [0x00000000d5d80000, 0x00000000def80000, 0x0000000100000000)
  eden space 78336K, 0% used [0x00000000d5d80000,0x00000000d5d80000,0x00000000daa00000)
  from space 16384K, 99% used [0x00000000daa00000,0x00000000db9fb890,0x00000000dba00000)
  to   space 18432K, 0% used [0x00000000ddd80000,0x00000000ddd80000,0x00000000def80000)
 ParOldGen       total 105984K, used 17646K [0x0000000081800000, 0x0000000087f80000, 0x00000000d5d80000)
  object space 105984K, 16% used [0x0000000081800000,0x000000008293bac0,0x0000000087f80000)
 Metaspace       used 42389K, capacity 43072K, committed 43520K, reserved 1087488K
  class space    used 5371K, capacity 5528K, committed 5632K, reserved 1048576K
}
Event: 8.957 GC heap before
{Heap before GC invocations=10 (full 2):
 PSYoungGen      total 94720K, used 94702K [0x00000000d5d80000, 0x00000000def80000, 0x0000000100000000)
  eden space 78336K, 100% used [0x00000000d5d80000,0x00000000daa00000,0x00000000daa00000)
  from space 16384K, 99% used [0x00000000daa00000,0x00000000db9fb890,0x00000000dba00000)
  to   space 18432K, 0% used [0x00000000ddd80000,0x00000000ddd80000,0x00000000def80000)
 ParOldGen       total 105984K, used 17646K [0x0000000081800000, 0x0000000087f80000, 0x00000000d5d80000)
  object space 105984K, 16% used [0x0000000081800000,0x000000008293bac0,0x0000000087f80000)
 Metaspace       used 47367K, capacity 48262K, committed 48512K, reserved 1091584K
  class space    used 5976K, capacity 6199K, committed 6272K, reserved 1048576K
Event: 9.003 GC heap after
Heap after GC invocations=10 (full 2):
 PSYoungGen      total 125440K, used 18408K [0x00000000d5d80000, 0x00000000df800000, 0x0000000100000000)
  eden space 107008K, 0% used [0x00000000d5d80000,0x00000000d5d80000,0x00000000dc600000)
  from space 18432K, 99% used [0x00000000ddd80000,0x00000000def7a0e0,0x00000000def80000)
  to   space 24064K, 0% used [0x00000000dc600000,0x00000000dc600000,0x00000000ddd80000)
 ParOldGen       total 105984K, used 24430K [0x0000000081800000, 0x0000000087f80000, 0x00000000d5d80000)
  object space 105984K, 23% used [0x0000000081800000,0x0000000082fdb8f0,0x0000000087f80000)
 Metaspace       used 47367K, capacity 48262K, committed 48512K, reserved 1091584K
  class space    used 5976K, capacity 6199K, committed 6272K, reserved 1048576K
}
Event: 10.639 GC heap before
{Heap before GC invocations=11 (full 2):
 PSYoungGen      total 125440K, used 125416K [0x00000000d5d80000, 0x00000000df800000, 0x0000000100000000)
  eden space 107008K, 100% used [0x00000000d5d80000,0x00000000dc600000,0x00000000dc600000)
  from space 18432K, 99% used [0x00000000ddd80000,0x00000000def7a0e0,0x00000000def80000)
  to   space 24064K, 0% used [0x00000000dc600000,0x00000000dc600000,0x00000000ddd80000)
 ParOldGen       total 105984K, used 24430K [0x0000000081800000, 0x0000000087f80000, 0x00000000d5d80000)
  object space 105984K, 23% used [0x0000000081800000,0x0000000082fdb8f0,0x0000000087f80000)
 Metaspace       used 49746K, capacity 50748K, committed 51072K, reserved 1093632K
  class space    used 6253K, capacity 6508K, committed 6528K, reserved 1048576K
Event: 10.700 GC heap after
Heap after GC invocations=11 (full 2):
 PSYoungGen      total 131072K, used 24041K [0x00000000d5d80000, 0x00000000df800000, 0x0000000100000000)
  eden space 107008K, 0% used [0x00000000d5d80000,0x00000000d5d80000,0x00000000dc600000)
  from space 24064K, 99% used [0x00000000dc600000,0x00000000ddd7a7b0,0x00000000ddd80000)
  to   space 18432K, 0% used [0x00000000ddd80000,0x00000000ddd80000,0x00000000def80000)
 ParOldGen       total 105984K, used 33432K [0x0000000081800000, 0x0000000087f80000, 0x00000000d5d80000)
  object space 105984K, 31% used [0x0000000081800000,0x00000000838a6290,0x0000000087f80000)
 Metaspace       used 49746K, capacity 50748K, committed 51072K, reserved 1093632K
  class space    used 6253K, capacity 6508K, committed 6528K, reserved 1048576K
}
Event: 13.852 GC heap before
{Heap before GC invocations=12 (full 2):
 PSYoungGen      total 131072K, used 131049K [0x00000000d5d80000, 0x00000000df800000, 0x0000000100000000)
  eden space 107008K, 100% used [0x00000000d5d80000,0x00000000dc600000,0x00000000dc600000)
  from space 24064K, 99% used [0x00000000dc600000,0x00000000ddd7a7b0,0x00000000ddd80000)
  to   space 18432K, 0% used [0x00000000ddd80000,0x00000000ddd80000,0x00000000def80000)
 ParOldGen       total 105984K, used 33432K [0x0000000081800000, 0x0000000087f80000, 0x00000000d5d80000)
  object space 105984K, 31% used [0x0000000081800000,0x00000000838a6290,0x0000000087f80000)
 Metaspace       used 55562K, capacity 56646K, committed 56960K, reserved 1099776K
  class space    used 6931K, capacity 7179K, committed 7296K, reserved 1048576K
Event: 13.906 GC heap after
Heap after GC invocations=12 (full 2):
 PSYoungGen      total 125440K, used 18431K [0x00000000d5d80000, 0x00000000df800000, 0x0000000100000000)
  eden space 107008K, 0% used [0x00000000d5d80000,0x00000000d5d80000,0x00000000dc600000)
  from space 18432K, 99% used [0x00000000ddd80000,0x00000000def7ff70,0x00000000def80000)
  to   space 24064K, 0% used [0x00000000dc600000,0x00000000dc600000,0x00000000ddd80000)
 ParOldGen       total 105984K, used 51840K [0x0000000081800000, 0x0000000087f80000, 0x00000000d5d80000)
  object space 105984K, 48% used [0x0000000081800000,0x0000000084aa00a8,0x0000000087f80000)
 Metaspace       used 55562K, capacity 56646K, committed 56960K, reserved 1099776K
  class space    used 6931K, capacity 7179K, committed 7296K, reserved 1048576K
}
Event: 17.050 GC heap before
{Heap before GC invocations=13 (full 2):
 PSYoungGen      total 125440K, used 125439K [0x00000000d5d80000, 0x00000000df800000, 0x0000000100000000)
  eden space 107008K, 100% used [0x00000000d5d80000,0x00000000dc600000,0x00000000dc600000)
  from space 18432K, 99% used [0x00000000ddd80000,0x00000000def7ff70,0x00000000def80000)
  to   space 24064K, 0% used [0x00000000dc600000,0x00000000dc600000,0x00000000ddd80000)
 ParOldGen       total 105984K, used 51840K [0x0000000081800000, 0x0000000087f80000, 0x00000000d5d80000)
  object space 105984K, 48% used [0x0000000081800000,0x0000000084aa00a8,0x0000000087f80000)
 Metaspace       used 56862K, capacity 58086K, committed 58368K, reserved 1099776K
  class space    used 7017K, capacity 7337K, committed 7424K, reserved 1048576K
Event: 17.094 GC heap after
Heap after GC invocations=13 (full 2):
 PSYoungGen      total 131072K, used 13198K [0x00000000d5d80000, 0x00000000df800000, 0x0000000100000000)
  eden space 107008K, 0% used [0x00000000d5d80000,0x00000000d5d80000,0x00000000dc600000)
  from space 24064K, 54% used [0x00000000dc600000,0x00000000dd2e39c8,0x00000000ddd80000)
  to   space 18432K, 0% used [0x00000000ddd80000,0x00000000ddd80000,0x00000000def80000)
 ParOldGen       total 105984K, used 65483K [0x0000000081800000, 0x0000000087f80000, 0x00000000d5d80000)
  object space 105984K, 61% used [0x0000000081800000,0x00000000857f2ef8,0x0000000087f80000)
 Metaspace       used 56862K, capacity 58086K, committed 58368K, reserved 1099776K
  class space    used 7017K, capacity 7337K, committed 7424K, reserved 1048576K
}

