# JRE version: Java(TM) SE Runtime Environment (8.0_162-b12) (build 1.8.0_162-b12)
# Java VM: Java HotSpot(TM) 64-Bit Server VM (25.162-b12 mixed mode windows-amd64 compressed oops)
Heap:
 PSYoungGen      total 81920K, used 33311K [0x00000000d5d80000, 0x00000000dd480000, 0x0000000100000000)
  eden space 66560K, 28% used [0x00000000d5d80000,0x00000000d7037728,0x00000000d9e80000)
  from space 15360K, 92% used [0x00000000d9e80000,0x00000000dac50848,0x00000000dad80000)
  to   space 16896K, 0% used [0x00000000dc400000,0x00000000dc400000,0x00000000dd480000)
 ParOldGen       total 121344K, used 18105K [0x0000000081800000, 0x0000000088e80000, 0x00000000d5d80000)
  object space 121344K, 14% used [0x0000000081800000,0x00000000829ae688,0x0000000088e80000)
 Metaspace       used 44990K, capacity 45784K, committed 45952K, reserved 1089536K
  class space    used 5817K, capacity 6010K, committed 6016K, reserved 1048576K
GC Heap History (10 events):
Event: 2.714 GC heap before
{Heap before GC invocations=5 (full 1):
 PSYoungGen      total 38400K, used 33280K [0x00000000d5d80000, 0x00000000da880000, 0x0000000100000000)
  eden space 33280K, 100% used [0x00000000d5d80000,0x00000000d7e00000,0x00000000d7e00000)
  from space 5120K, 0% used [0x00000000d7e00000,0x00000000d7e00000,0x00000000d8300000)
  to   space 5120K, 0% used [0x00000000da380000,0x00000000da380000,0x00000000da880000)
 ParOldGen       total 70656K, used 9737K [0x0000000081800000, 0x0000000085d00000, 0x00000000d5d80000)
  object space 70656K, 13% used [0x0000000081800000,0x00000000821826e8,0x0000000085d00000)
 Metaspace       used 23855K, capacity 24399K, committed 24576K, reserved 1071104K
  class space    used 2897K, capacity 3056K, committed 3072K, reserved 1048576K
Event: 2.734 GC heap after
Heap after GC invocations=5 (full 1):
 PSYoungGen      total 51712K, used 5106K [0x00000000d5d80000, 0x00000000da880000, 0x0000000100000000)
  eden space 46592K, 0% used [0x00000000d5d80000,0x00000000d5d80000,0x00000000d8b00000)
  from space 5120K, 99% used [0x00000000da380000,0x00000000da87c8c0,0x00000000da880000)
  to   space 5120K, 0% used [0x00000000d9e80000,0x00000000d9e80000,0x00000000da380000)
 ParOldGen       total 70656K, used 11488K [0x0000000081800000, 0x0000000085d00000, 0x00000000d5d80000)
  object space 70656K, 16% used [0x0000000081800000,0x00000000823381d0,0x0000000085d00000)
 Metaspace       used 23855K, capacity 24399K, committed 24576K, reserved 1071104K
  class space    used 2897K, capacity 3056K, committed 3072K, reserved 1048576K
}
Event: 3.542 GC heap before
{Heap before GC invocations=6 (full 1):
 PSYoungGen      total 51712K, used 51698K [0x00000000d5d80000, 0x00000000da880000, 0x0000000100000000)
  eden space 46592K, 100% used [0x00000000d5d80000,0x00000000d8b00000,0x00000000d8b00000)
  from space 5120K, 99% used [0x00000000da380000,0x00000000da87c8c0,0x00000000da880000)
  to   space 5120K, 0% used [0x00000000d9e80000,0x00000000d9e80000,0x00000000da380000)
 ParOldGen       total 70656K, used 11488K [0x0000000081800000, 0x0000000085d00000, 0x00000000d5d80000)
  object space 70656K, 16% used [0x0000000081800000,0x00000000823381d0,0x0000000085d00000)
 Metaspace       used 31751K, capacity 32340K, committed 32768K, reserved 1077248K
  class space    used 4082K, capacity 4246K, committed 4352K, reserved 1048576K
Event: 3.558 GC heap after
Heap after GC invocations=6 (full 1):
 PSYoungGen      total 70656K, used 5118K [0x00000000d5d80000, 0x00000000dbd80000, 0x0000000100000000)
  eden space 65536K, 0% used [0x00000000d5d80000,0x00000000d5d80000,0x00000000d9d80000)
  from space 5120K, 99% used [0x00000000d9e80000,0x00000000da37fb18,0x00000000da380000)
  to   space 16384K, 0% used [0x00000000dad80000,0x00000000dad80000,0x00000000dbd80000)
 ParOldGen       total 70656K, used 22887K [0x0000000081800000, 0x0000000085d00000, 0x00000000d5d80000)
  object space 70656K, 32% used [0x0000000081800000,0x0000000082e59ea8,0x0000000085d00000)
 Metaspace       used 31751K, capacity 32340K, committed 32768K, reserved 1077248K
  class space    used 4082K, capacity 4246K, committed 4352K, reserved 1048576K
}
Event: 4.022 GC heap before
{Heap before GC invocations=7 (full 1):
 PSYoungGen      total 70656K, used 22636K [0x00000000d5d80000, 0x00000000dbd80000, 0x0000000100000000)
  eden space 65536K, 26% used [0x00000000d5d80000,0x00000000d6e9b510,0x00000000d9d80000)
  from space 5120K, 99% used [0x00000000d9e80000,0x00000000da37fb18,0x00000000da380000)
  to   space 16384K, 0% used [0x00000000dad80000,0x00000000dad80000,0x00000000dbd80000)
 ParOldGen       total 70656K, used 22887K [0x0000000081800000, 0x0000000085d00000, 0x00000000d5d80000)
  object space 70656K, 32% used [0x0000000081800000,0x0000000082e59ea8,0x0000000085d00000)
 Metaspace       used 34679K, capacity 35192K, committed 35456K, reserved 1079296K
  class space    used 4502K, capacity 4638K, committed 4736K, reserved 1048576K
Event: 4.034 GC heap after
Heap after GC invocations=7 (full 1):
 PSYoungGen      total 82944K, used 9027K [0x00000000d5d80000, 0x00000000dd680000, 0x0000000100000000)
  eden space 66560K, 0% used [0x00000000d5d80000,0x00000000d5d80000,0x00000000d9e80000)
  from space 16384K, 55% used [0x00000000dad80000,0x00000000db650ed8,0x00000000dbd80000)
  to   space 15360K, 0% used [0x00000000d9e80000,0x00000000d9e80000,0x00000000dad80000)
 ParOldGen       total 70656K, used 22895K [0x0000000081800000, 0x0000000085d00000, 0x00000000d5d80000)
  object space 70656K, 32% used [0x0000000081800000,0x0000000082e5bea8,0x0000000085d00000)
 Metaspace       used 34679K, capacity 35192K, committed 35456K, reserved 1079296K
  class space    used 4502K, capacity 4638K, committed 4736K, reserved 1048576K
}
Event: 4.034 GC heap before
{Heap before GC invocations=8 (full 2):
 PSYoungGen      total 82944K, used 9027K [0x00000000d5d80000, 0x00000000dd680000, 0x0000000100000000)
  eden space 66560K, 0% used [0x00000000d5d80000,0x00000000d5d80000,0x00000000d9e80000)
  from space 16384K, 55% used [0x00000000dad80000,0x00000000db650ed8,0x00000000dbd80000)
  to   space 15360K, 0% used [0x00000000d9e80000,0x00000000d9e80000,0x00000000dad80000)
 ParOldGen       total 70656K, used 22895K [0x0000000081800000, 0x0000000085d00000, 0x00000000d5d80000)
  object space 70656K, 32% used [0x0000000081800000,0x0000000082e5bea8,0x0000000085d00000)
 Metaspace       used 34679K, capacity 35192K, committed 35456K, reserved 1079296K
  class space    used 4502K, capacity 4638K, committed 4736K, reserved 1048576K
Event: 4.146 GC heap after
Heap after GC invocations=8 (full 2):
 PSYoungGen      total 82944K, used 0K [0x00000000d5d80000, 0x00000000dd680000, 0x0000000100000000)
  eden space 66560K, 0% used [0x00000000d5d80000,0x00000000d5d80000,0x00000000d9e80000)
  from space 16384K, 0% used [0x00000000dad80000,0x00000000dad80000,0x00000000dbd80000)
  to   space 15360K, 0% used [0x00000000d9e80000,0x00000000d9e80000,0x00000000dad80000)
 ParOldGen       total 121344K, used 18097K [0x0000000081800000, 0x0000000088e80000, 0x00000000d5d80000)
  object space 121344K, 14% used [0x0000000081800000,0x00000000829ac688,0x0000000088e80000)
 Metaspace       used 34679K, capacity 35192K, committed 35456K, reserved 1079296K
  class space    used 4502K, capacity 4638K, committed 4736K, reserved 1048576K
}
Event: 5.881 GC heap before
{Heap before GC invocations=9 (full 2):
 PSYoungGen      total 82944K, used 66560K [0x00000000d5d80000, 0x00000000dd680000, 0x0000000100000000)
  eden space 66560K, 100% used [0x00000000d5d80000,0x00000000d9e80000,0x00000000d9e80000)
  from space 16384K, 0% used [0x00000000dad80000,0x00000000dad80000,0x00000000dbd80000)
  to   space 15360K, 0% used [0x00000000d9e80000,0x00000000d9e80000,0x00000000dad80000)
 ParOldGen       total 121344K, used 18097K [0x0000000081800000, 0x0000000088e80000, 0x00000000d5d80000)
  object space 121344K, 14% used [0x0000000081800000,0x00000000829ac688,0x0000000088e80000)
 Metaspace       used 40434K, capacity 41078K, committed 41472K, reserved 1085440K
  class space    used 5109K, capacity 5265K, committed 5376K, reserved 1048576K
Event: 5.909 GC heap after
Heap after GC invocations=9 (full 2):
 PSYoungGen      total 81920K, used 14146K [0x00000000d5d80000, 0x00000000dd480000, 0x0000000100000000)
  eden space 66560K, 0% used [0x00000000d5d80000,0x00000000d5d80000,0x00000000d9e80000)
  from space 15360K, 92% used [0x00000000d9e80000,0x00000000dac50848,0x00000000dad80000)
  to   space 16896K, 0% used [0x00000000dc400000,0x00000000dc400000,0x00000000dd480000)
 ParOldGen       total 121344K, used 18105K [0x0000000081800000, 0x0000000088e80000, 0x00000000d5d80000)
  object space 121344K, 14% used [0x0000000081800000,0x00000000829ae688,0x0000000088e80000)
 Metaspace       used 40434K, capacity 41078K, committed 41472K, reserved 1085440K
  class space    used 5109K, capacity 5265K, committed 5376K, reserved 1048576K
}

