# JRE version: Java(TM) SE Runtime Environment (8.0_162-b12) (build 1.8.0_162-b12)
# Java VM: Java HotSpot(TM) 64-Bit Server VM (25.162-b12 mixed mode windows-amd64 compressed oops)
Heap:
 PSYoungGen      total 83968K, used 39534K [0x00000000d5d80000, 0x00000000ddb00000, 0x0000000100000000)
  eden space 68096K, 36% used [0x00000000d5d80000,0x00000000d75cdb78,0x00000000da000000)
  from space 15872K, 92% used [0x00000000da000000,0x00000000dae4dd38,0x00000000daf80000)
  to   space 17408K, 0% used [0x00000000dca00000,0x00000000dca00000,0x00000000ddb00000)
 ParOldGen       total 69120K, used 25892K [0x0000000081800000, 0x0000000085b80000, 0x00000000d5d80000)
  object space 69120K, 37% used [0x0000000081800000,0x00000000831492b8,0x0000000085b80000)
 Metaspace       used 45850K, capacity 46686K, committed 46848K, reserved 1089536K
  class space    used 5912K, capacity 6127K, committed 6144K, reserved 1048576K
GC Heap History (10 events):
Event: 3.821 GC heap before
{Heap before GC invocations=5 (full 1):
 PSYoungGen      total 38400K, used 33280K [0x00000000d5d80000, 0x00000000da880000, 0x0000000100000000)
  eden space 33280K, 100% used [0x00000000d5d80000,0x00000000d7e00000,0x00000000d7e00000)
  from space 5120K, 0% used [0x00000000d7e00000,0x00000000d7e00000,0x00000000d8300000)
  to   space 5120K, 0% used [0x00000000da380000,0x00000000da380000,0x00000000da880000)
 ParOldGen       total 69120K, used 9744K [0x0000000081800000, 0x0000000085b80000, 0x00000000d5d80000)
  object space 69120K, 14% used [0x0000000081800000,0x0000000082184060,0x0000000085b80000)
 Metaspace       used 23827K, capacity 24335K, committed 24576K, reserved 1071104K
  class space    used 2896K, capacity 3056K, committed 3072K, reserved 1048576K
Event: 3.861 GC heap after
Heap after GC invocations=5 (full 1):
 PSYoungGen      total 52736K, used 5106K [0x00000000d5d80000, 0x00000000da880000, 0x0000000100000000)
  eden space 47616K, 0% used [0x00000000d5d80000,0x00000000d5d80000,0x00000000d8c00000)
  from space 5120K, 99% used [0x00000000da380000,0x00000000da87c8c0,0x00000000da880000)
  to   space 5120K, 0% used [0x00000000d9e80000,0x00000000d9e80000,0x00000000da380000)
 ParOldGen       total 69120K, used 11482K [0x0000000081800000, 0x0000000085b80000, 0x00000000d5d80000)
  object space 69120K, 16% used [0x0000000081800000,0x0000000082336a68,0x0000000085b80000)
 Metaspace       used 23827K, capacity 24335K, committed 24576K, reserved 1071104K
  class space    used 2896K, capacity 3056K, committed 3072K, reserved 1048576K
}
Event: 5.395 GC heap before
{Heap before GC invocations=6 (full 1):
 PSYoungGen      total 52736K, used 52722K [0x00000000d5d80000, 0x00000000da880000, 0x0000000100000000)
  eden space 47616K, 100% used [0x00000000d5d80000,0x00000000d8c00000,0x00000000d8c00000)
  from space 5120K, 99% used [0x00000000da380000,0x00000000da87c8c0,0x00000000da880000)
  to   space 5120K, 0% used [0x00000000d9e80000,0x00000000d9e80000,0x00000000da380000)
 ParOldGen       total 69120K, used 11482K [0x0000000081800000, 0x0000000085b80000, 0x00000000d5d80000)
  object space 69120K, 16% used [0x0000000081800000,0x0000000082336a68,0x0000000085b80000)
 Metaspace       used 31851K, capacity 32404K, committed 32768K, reserved 1077248K
  class space    used 4098K, capacity 4246K, committed 4352K, reserved 1048576K
Event: 5.417 GC heap after
Heap after GC invocations=6 (full 1):
 PSYoungGen      total 71680K, used 5118K [0x00000000d5d80000, 0x00000000dbf80000, 0x0000000100000000)
  eden space 66560K, 0% used [0x00000000d5d80000,0x00000000d5d80000,0x00000000d9e80000)
  from space 5120K, 99% used [0x00000000d9e80000,0x00000000da37faf8,0x00000000da380000)
  to   space 16384K, 0% used [0x00000000daf80000,0x00000000daf80000,0x00000000dbf80000)
 ParOldGen       total 69120K, used 23211K [0x0000000081800000, 0x0000000085b80000, 0x00000000d5d80000)
  object space 69120K, 33% used [0x0000000081800000,0x0000000082eaadc0,0x0000000085b80000)
 Metaspace       used 31851K, capacity 32404K, committed 32768K, reserved 1077248K
  class space    used 4098K, capacity 4246K, committed 4352K, reserved 1048576K
}
Event: 6.250 GC heap before
{Heap before GC invocations=7 (full 1):
 PSYoungGen      total 71680K, used 21622K [0x00000000d5d80000, 0x00000000dbf80000, 0x0000000100000000)
  eden space 66560K, 24% used [0x00000000d5d80000,0x00000000d6d9dd60,0x00000000d9e80000)
  from space 5120K, 99% used [0x00000000d9e80000,0x00000000da37faf8,0x00000000da380000)
  to   space 16384K, 0% used [0x00000000daf80000,0x00000000daf80000,0x00000000dbf80000)
 ParOldGen       total 69120K, used 23211K [0x0000000081800000, 0x0000000085b80000, 0x00000000d5d80000)
  object space 69120K, 33% used [0x0000000081800000,0x0000000082eaadc0,0x0000000085b80000)
 Metaspace       used 34662K, capacity 35192K, committed 35456K, reserved 1079296K
  class space    used 4501K, capacity 4638K, committed 4736K, reserved 1048576K
Event: 6.263 GC heap after
Heap after GC invocations=7 (full 1):
 PSYoungGen      total 84480K, used 9699K [0x00000000d5d80000, 0x00000000dd880000, 0x0000000100000000)
  eden space 68096K, 0% used [0x00000000d5d80000,0x00000000d5d80000,0x00000000da000000)
  from space 16384K, 59% used [0x00000000daf80000,0x00000000db8f8eb8,0x00000000dbf80000)
  to   space 15872K, 0% used [0x00000000da000000,0x00000000da000000,0x00000000daf80000)
 ParOldGen       total 69120K, used 23219K [0x0000000081800000, 0x0000000085b80000, 0x00000000d5d80000)
  object space 69120K, 33% used [0x0000000081800000,0x0000000082eacdc0,0x0000000085b80000)
 Metaspace       used 34662K, capacity 35192K, committed 35456K, reserved 1079296K
  class space    used 4501K, capacity 4638K, committed 4736K, reserved 1048576K
}
Event: 6.263 GC heap before
{Heap before GC invocations=8 (full 2):
 PSYoungGen      total 84480K, used 9699K [0x00000000d5d80000, 0x00000000dd880000, 0x0000000100000000)
  eden space 68096K, 0% used [0x00000000d5d80000,0x00000000d5d80000,0x00000000da000000)
  from space 16384K, 59% used [0x00000000daf80000,0x00000000db8f8eb8,0x00000000dbf80000)
  to   space 15872K, 0% used [0x00000000da000000,0x00000000da000000,0x00000000daf80000)
 ParOldGen       total 69120K, used 23219K [0x0000000081800000, 0x0000000085b80000, 0x00000000d5d80000)
  object space 69120K, 33% used [0x0000000081800000,0x0000000082eacdc0,0x0000000085b80000)
 Metaspace       used 34662K, capacity 35192K, committed 35456K, reserved 1079296K
  class space    used 4501K, capacity 4638K, committed 4736K, reserved 1048576K
Event: 6.391 GC heap after
Heap after GC invocations=8 (full 2):
 PSYoungGen      total 84480K, used 0K [0x00000000d5d80000, 0x00000000dd880000, 0x0000000100000000)
  eden space 68096K, 0% used [0x00000000d5d80000,0x00000000d5d80000,0x00000000da000000)
  from space 16384K, 0% used [0x00000000daf80000,0x00000000daf80000,0x00000000dbf80000)
  to   space 15872K, 0% used [0x00000000da000000,0x00000000da000000,0x00000000daf80000)
 ParOldGen       total 69120K, used 25892K [0x0000000081800000, 0x0000000085b80000, 0x00000000d5d80000)
  object space 69120K, 37% used [0x0000000081800000,0x00000000831492b8,0x0000000085b80000)
 Metaspace       used 34662K, capacity 35192K, committed 35456K, reserved 1079296K
  class space    used 4501K, capacity 4638K, committed 4736K, reserved 1048576K
}
Event: 8.433 GC heap before
{Heap before GC invocations=9 (full 2):
 PSYoungGen      total 84480K, used 68096K [0x00000000d5d80000, 0x00000000dd880000, 0x0000000100000000)
  eden space 68096K, 100% used [0x00000000d5d80000,0x00000000da000000,0x00000000da000000)
  from space 16384K, 0% used [0x00000000daf80000,0x00000000daf80000,0x00000000dbf80000)
  to   space 15872K, 0% used [0x00000000da000000,0x00000000da000000,0x00000000daf80000)
 ParOldGen       total 69120K, used 25892K [0x0000000081800000, 0x0000000085b80000, 0x00000000d5d80000)
  object space 69120K, 37% used [0x0000000081800000,0x00000000831492b8,0x0000000085b80000)
 Metaspace       used 40544K, capacity 41246K, committed 41472K, reserved 1085440K
  class space    used 5114K, capacity 5271K, committed 5376K, reserved 1048576K
Event: 8.465 GC heap after
Heap after GC invocations=9 (full 2):
 PSYoungGen      total 83968K, used 14647K [0x00000000d5d80000, 0x00000000ddb00000, 0x0000000100000000)
  eden space 68096K, 0% used [0x00000000d5d80000,0x00000000d5d80000,0x00000000da000000)
  from space 15872K, 92% used [0x00000000da000000,0x00000000dae4dd38,0x00000000daf80000)
  to   space 17408K, 0% used [0x00000000dca00000,0x00000000dca00000,0x00000000ddb00000)
 ParOldGen       total 69120K, used 25892K [0x0000000081800000, 0x0000000085b80000, 0x00000000d5d80000)
  object space 69120K, 37% used [0x0000000081800000,0x00000000831492b8,0x0000000085b80000)
 Metaspace       used 40544K, capacity 41246K, committed 41472K, reserved 1085440K
  class space    used 5114K, capacity 5271K, committed 5376K, reserved 1048576K
}

