# JRE version: Java(TM) SE Runtime Environment (8.0_162-b12) (build 1.8.0_162-b12)
# Java VM: Java HotSpot(TM) 64-Bit Server VM (25.162-b12 mixed mode windows-amd64 compressed oops)
Heap:
 PSYoungGen      total 312832K, used 47566K [0x00000000e0000000, 0x00000000f7580000, 0x0000000100000000)
  eden space 278528K, 4% used [0x00000000e0000000,0x00000000e0cf6bc8,0x00000000f1000000)
  from space 34304K, 99% used [0x00000000f1000000,0x00000000f317ccb0,0x00000000f3180000)
  to   space 41984K, 0% used [0x00000000f4c80000,0x00000000f4c80000,0x00000000f7580000)
 ParOldGen       total 215552K, used 88827K [0x00000000a0000000, 0x00000000ad280000, 0x00000000e0000000)
  object space 215552K, 41% used [0x00000000a0000000,0x00000000a56bed58,0x00000000ad280000)
 Metaspace       used 112564K, capacity 119066K, committed 119296K, reserved 1153024K
  class space    used 15027K, capacity 16304K, committed 16384K, reserved 1048576K
GC Heap History (10 events):
Event: 157.968 GC heap before
{Heap before GC invocations=27 (full 4):
 PSYoungGen      total 262144K, used 230400K [0x00000000e0000000, 0x00000000f2100000, 0x0000000100000000)
  eden space 230400K, 100% used [0x00000000e0000000,0x00000000ee100000,0x00000000ee100000)
  from space 31744K, 0% used [0x00000000f0200000,0x00000000f0200000,0x00000000f2100000)
  to   space 32768K, 0% used [0x00000000ee100000,0x00000000ee100000,0x00000000f0100000)
 ParOldGen       total 215552K, used 79986K [0x00000000a0000000, 0x00000000ad280000, 0x00000000e0000000)
  object space 215552K, 37% used [0x00000000a0000000,0x00000000a4e1cae8,0x00000000ad280000)
 Metaspace       used 99609K, capacity 104212K, committed 104320K, reserved 1138688K
  class space    used 13447K, capacity 14413K, committed 14464K, reserved 1048576K
Event: 157.999 GC heap after
Heap after GC invocations=27 (full 4):
 PSYoungGen      total 263168K, used 16944K [0x00000000e0000000, 0x00000000f4480000, 0x0000000100000000)
  eden space 230400K, 0% used [0x00000000e0000000,0x00000000e0000000,0x00000000ee100000)
  from space 32768K, 51% used [0x00000000ee100000,0x00000000ef18c3a0,0x00000000f0100000)
  to   space 32256K, 0% used [0x00000000f2500000,0x00000000f2500000,0x00000000f4480000)
 ParOldGen       total 215552K, used 79994K [0x00000000a0000000, 0x00000000ad280000, 0x00000000e0000000)
  object space 215552K, 37% used [0x00000000a0000000,0x00000000a4e1eae8,0x00000000ad280000)
 Metaspace       used 99609K, capacity 104212K, committed 104320K, reserved 1138688K
  class space    used 13447K, capacity 14413K, committed 14464K, reserved 1048576K
}
Event: 227.498 GC heap before
{Heap before GC invocations=28 (full 4):
 PSYoungGen      total 263168K, used 247344K [0x00000000e0000000, 0x00000000f4480000, 0x0000000100000000)
  eden space 230400K, 100% used [0x00000000e0000000,0x00000000ee100000,0x00000000ee100000)
  from space 32768K, 51% used [0x00000000ee100000,0x00000000ef18c3a0,0x00000000f0100000)
  to   space 32256K, 0% used [0x00000000f2500000,0x00000000f2500000,0x00000000f4480000)
 ParOldGen       total 215552K, used 79994K [0x00000000a0000000, 0x00000000ad280000, 0x00000000e0000000)
  object space 215552K, 37% used [0x00000000a0000000,0x00000000a4e1eae8,0x00000000ad280000)
 Metaspace       used 100280K, capacity 105206K, committed 105472K, reserved 1140736K
  class space    used 13498K, capacity 14500K, committed 14592K, reserved 1048576K
Event: 227.532 GC heap after
Heap after GC invocations=28 (full 4):
 PSYoungGen      total 284672K, used 12961K [0x00000000e0000000, 0x00000000f3b80000, 0x0000000100000000)
  eden space 261632K, 0% used [0x00000000e0000000,0x00000000e0000000,0x00000000eff80000)
  from space 23040K, 56% used [0x00000000f2500000,0x00000000f31a8768,0x00000000f3b80000)
  to   space 30720K, 0% used [0x00000000eff80000,0x00000000eff80000,0x00000000f1d80000)
 ParOldGen       total 215552K, used 79994K [0x00000000a0000000, 0x00000000ad280000, 0x00000000e0000000)
  object space 215552K, 37% used [0x00000000a0000000,0x00000000a4e1eae8,0x00000000ad280000)
 Metaspace       used 100280K, capacity 105206K, committed 105472K, reserved 1140736K
  class space    used 13498K, capacity 14500K, committed 14592K, reserved 1048576K
}
Event: 328.833 GC heap before
{Heap before GC invocations=29 (full 4):
 PSYoungGen      total 284672K, used 274593K [0x00000000e0000000, 0x00000000f3b80000, 0x0000000100000000)
  eden space 261632K, 100% used [0x00000000e0000000,0x00000000eff80000,0x00000000eff80000)
  from space 23040K, 56% used [0x00000000f2500000,0x00000000f31a8768,0x00000000f3b80000)
  to   space 30720K, 0% used [0x00000000eff80000,0x00000000eff80000,0x00000000f1d80000)
 ParOldGen       total 215552K, used 79994K [0x00000000a0000000, 0x00000000ad280000, 0x00000000e0000000)
  object space 215552K, 37% used [0x00000000a0000000,0x00000000a4e1eae8,0x00000000ad280000)
 Metaspace       used 105407K, capacity 110820K, committed 110976K, reserved 1144832K
  class space    used 14081K, capacity 15141K, committed 15232K, reserved 1048576K
Event: 328.859 GC heap after
Heap after GC invocations=29 (full 4):
 PSYoungGen      total 292352K, used 14627K [0x00000000e0000000, 0x00000000f4e00000, 0x0000000100000000)
  eden space 261632K, 0% used [0x00000000e0000000,0x00000000e0000000,0x00000000eff80000)
  from space 30720K, 47% used [0x00000000eff80000,0x00000000f0dc8e40,0x00000000f1d80000)
  to   space 29184K, 0% used [0x00000000f3180000,0x00000000f3180000,0x00000000f4e00000)
 ParOldGen       total 215552K, used 79994K [0x00000000a0000000, 0x00000000ad280000, 0x00000000e0000000)
  object space 215552K, 37% used [0x00000000a0000000,0x00000000a4e1eae8,0x00000000ad280000)
 Metaspace       used 105407K, capacity 110820K, committed 110976K, reserved 1144832K
  class space    used 14081K, capacity 15141K, committed 15232K, reserved 1048576K
}
Event: 432.073 GC heap before
{Heap before GC invocations=30 (full 4):
 PSYoungGen      total 292352K, used 276259K [0x00000000e0000000, 0x00000000f4e00000, 0x0000000100000000)
  eden space 261632K, 100% used [0x00000000e0000000,0x00000000eff80000,0x00000000eff80000)
  from space 30720K, 47% used [0x00000000eff80000,0x00000000f0dc8e40,0x00000000f1d80000)
  to   space 29184K, 0% used [0x00000000f3180000,0x00000000f3180000,0x00000000f4e00000)
 ParOldGen       total 215552K, used 79994K [0x00000000a0000000, 0x00000000ad280000, 0x00000000e0000000)
  object space 215552K, 37% used [0x00000000a0000000,0x00000000a4e1eae8,0x00000000ad280000)
 Metaspace       used 112058K, capacity 118250K, committed 118400K, reserved 1150976K
  class space    used 14993K, capacity 16244K, committed 16256K, reserved 1048576K
Event: 432.154 GC heap after
Heap after GC invocations=30 (full 4):
 PSYoungGen      total 307712K, used 29169K [0x00000000e0000000, 0x00000000f5480000, 0x0000000100000000)
  eden space 278528K, 0% used [0x00000000e0000000,0x00000000e0000000,0x00000000f1000000)
  from space 29184K, 99% used [0x00000000f3180000,0x00000000f4dfc670,0x00000000f4e00000)
  to   space 34304K, 0% used [0x00000000f1000000,0x00000000f1000000,0x00000000f3180000)
 ParOldGen       total 215552K, used 82441K [0x00000000a0000000, 0x00000000ad280000, 0x00000000e0000000)
  object space 215552K, 38% used [0x00000000a0000000,0x00000000a50827f0,0x00000000ad280000)
 Metaspace       used 112058K, capacity 118250K, committed 118400K, reserved 1150976K
  class space    used 14993K, capacity 16244K, committed 16256K, reserved 1048576K
}
Event: 442.943 GC heap before
{Heap before GC invocations=31 (full 4):
 PSYoungGen      total 307712K, used 307690K [0x00000000e0000000, 0x00000000f5480000, 0x0000000100000000)
  eden space 278528K, 99% used [0x00000000e0000000,0x00000000f0ffe2d0,0x00000000f1000000)
  from space 29184K, 99% used [0x00000000f3180000,0x00000000f4dfc670,0x00000000f4e00000)
  to   space 34304K, 0% used [0x00000000f1000000,0x00000000f1000000,0x00000000f3180000)
 ParOldGen       total 215552K, used 82441K [0x00000000a0000000, 0x00000000ad280000, 0x00000000e0000000)
  object space 215552K, 38% used [0x00000000a0000000,0x00000000a50827f0,0x00000000ad280000)
 Metaspace       used 112559K, capacity 119066K, committed 119296K, reserved 1153024K
  class space    used 15027K, capacity 16304K, committed 16384K, reserved 1048576K
Event: 443.006 GC heap after
Heap after GC invocations=31 (full 4):
 PSYoungGen      total 312832K, used 34291K [0x00000000e0000000, 0x00000000f7580000, 0x0000000100000000)
  eden space 278528K, 0% used [0x00000000e0000000,0x00000000e0000000,0x00000000f1000000)
  from space 34304K, 99% used [0x00000000f1000000,0x00000000f317ccb0,0x00000000f3180000)
  to   space 41984K, 0% used [0x00000000f4c80000,0x00000000f4c80000,0x00000000f7580000)
 ParOldGen       total 215552K, used 88827K [0x00000000a0000000, 0x00000000ad280000, 0x00000000e0000000)
  object space 215552K, 41% used [0x00000000a0000000,0x00000000a56bed58,0x00000000ad280000)
 Metaspace       used 112559K, capacity 119066K, committed 119296K, reserved 1153024K
  class space    used 15027K, capacity 16304K, committed 16384K, reserved 1048576K
}

